<?xml version="1.0" encoding="UTF-8"?>
<testsuite xmlns:xsi="http://www.w3.org/2001/XMLSchema-instance" xsi:noNamespaceSchemaLocation="https://maven.apache.org/surefire/maven-surefire-plugin/xsd/surefire-test-report.xsd" name="com.imooc.pan.cache.caffeine.test.CaffeineCacheSpringTest" time="0.337" tests="2" errors="0" skipped="0" failures="0">
  <properties>
[...]
</properties>
  <testcase name="simpleCacheAnnotationTest" classname="com.imooc.pan.cache.caffeine.test.CaffeineCacheSpringTest" time="0.12"/>
  <testcase name="simpleCacheManagerTest" classname="com.imooc.pan.cache.caffeine.test.CaffeineCacheSpringTest" time="0.012"/>
</testsuite>