<?xml version="1.0" encoding="UTF-8"?>
<testsuite xmlns:xsi="http://www.w3.org/2001/XMLSchema-instance" xsi:noNamespaceSchemaLocation="https://maven.apache.org/surefire/maven-surefire-plugin/xsd/surefire-test-report.xsd" name="com.imooc.pan.server.modules.recycle.RecycleTest" time="0.086" tests="7" errors="0" skipped="0" failures="0">
  <properties>
[...]
</properties>
  <testcase name="testFileDeleteSuccess" classname="com.imooc.pan.server.modules.recycle.RecycleTest" time="0.013"/>
  <testcase name="testFileRestoreSuccess" classname="com.imooc.pan.server.modules.recycle.RecycleTest" time="0.014"/>
  <testcase name="testFileRestoreFailByWrongUserId" classname="com.imooc.pan.server.modules.recycle.RecycleTest" time="0.012"/>
  <testcase name="testFileDeleteFailByWrongUserId" classname="com.imooc.pan.server.modules.recycle.RecycleTest" time="0.011"/>
  <testcase name="testFileRestoreFailByWrongFilename1" classname="com.imooc.pan.server.modules.recycle.RecycleTest" time="0.014"/>
  <testcase name="testFileRestoreFailByWrongFilename2" classname="com.imooc.pan.server.modules.recycle.RecycleTest" time="0.011"/>
  <testcase name="testQueryRecyclesSuccess" classname="com.imooc.pan.server.modules.recycle.RecycleTest" time="0.011"/>
</testsuite>